[debug] [2022-03-16T17:03:40.142Z] ----------------------------------------------------------------------
[debug] [2022-03-16T17:03:40.144Z] Command:       C:\Program Files\nodejs\node.exe C:\Users\tungnv\AppData\Roaming\npm\node_modules\firebase-tools\lib\bin\firebase.js init
[debug] [2022-03-16T17:03:40.144Z] CLI Version:   10.3.0
[debug] [2022-03-16T17:03:40.144Z] Platform:      win32
[debug] [2022-03-16T17:03:40.144Z] Node Version:  v14.18.1
[debug] [2022-03-16T17:03:40.145Z] Time:          Thu Mar 17 2022 00:03:40 GMT+0700 (Indochina Time)
[debug] [2022-03-16T17:03:40.145Z] ----------------------------------------------------------------------
[debug] 
[debug] [2022-03-16T17:03:40.152Z] > command requires scopes: ["email","openid","https://www.googleapis.com/auth/cloudplatformprojects.readonly","https://www.googleapis.com/auth/firebase","https://www.googleapis.com/auth/cloud-platform"]
[debug] [2022-03-16T17:03:40.152Z] > authorizing via signed-in user (tungnvdtbk@gmail.com)
[info] 
     ######## #### ########  ######## ########     ###     ######  ########
     ##        ##  ##     ## ##       ##     ##  ##   ##  ##       ##
     ######    ##  ########  ######   ########  #########  ######  ######
     ##        ##  ##    ##  ##       ##     ## ##     ##       ## ##
     ##       #### ##     ## ######## ########  ##     ##  ######  ########

You're about to initialize a Firebase project in this directory:

  D:\Code\tmpcode\Learn-Antd\antd-demo

[info] 
=== Project Setup
[info] 
[info] First, let's associate this project directory with a Firebase project.
[info] You can create multiple project aliases by running firebase use --add, 
[info] but for now we'll just set up a default project.
[info] 
[debug] [2022-03-16T17:03:57.509Z] >>> [apiv2][query] GET https://firebase.googleapis.com/v1beta1/projects pageSize=100
[debug] [2022-03-16T17:03:58.104Z] <<< [apiv2][status] GET https://firebase.googleapis.com/v1beta1/projects 200
[debug] [2022-03-16T17:03:58.104Z] <<< [apiv2][body] GET https://firebase.googleapis.com/v1beta1/projects [omitted]
[info] i  Using project sound-temple-341515 (My First Project) 
[info] 
=== Hosting Setup
[info] 
[info] Your public directory is the folder (relative to your project directory) that
[info] will contain Hosting assets to be uploaded with firebase deploy. If you
[info] have a build process for your assets, use your build's output directory.
[info] 
[debug] [2022-03-16T17:04:19.834Z] >>> [apiv2][query] GET https://www.gstatic.com/firebasejs/releases.json [none]
[debug] [2022-03-16T17:04:19.942Z] <<< [apiv2][status] GET https://www.gstatic.com/firebasejs/releases.json 200
[debug] [2022-03-16T17:04:19.942Z] <<< [apiv2][body] GET https://www.gstatic.com/firebasejs/releases.json {"current":{"version":"9.6.8","browserURL":"https://www.gstatic.com/firebasejs/9.6.8/firebase.js","packageURL":"https://www.gstatic.com/firebasejs/9.6.8/firebase.tgz"},"live":{"version":"9.6","browserURL":"https://www.gstatic.com/firebasejs/live/9.6/firebase.js","packageURL":"https://www.gstatic.com/firebasejs/live/9.6/firebase.tgz"},"components":{"analytics":"https://www.gstatic.com/firebasejs/9.6.8/firebase-analytics.js","app":"https://www.gstatic.com/firebasejs/9.6.8/firebase-app.js","app-check":"https://www.gstatic.com/firebasejs/9.6.8/firebase-app-check.js","auth":"https://www.gstatic.com/firebasejs/9.6.8/firebase-auth.js","auth/cordova":"https://www.gstatic.com/firebasejs/9.6.8/firebase-auth/cordova.js","auth/react-native":"https://www.gstatic.com/firebasejs/9.6.8/firebase-auth/react-native.js","functions":"https://www.gstatic.com/firebasejs/9.6.8/firebase-functions.js","firestore":"https://www.gstatic.com/firebasejs/9.6.8/firebase-firestore.js","firestore/lite":"https://www.gstatic.com/firebasejs/9.6.8/firebase-firestore/lite.js","storage":"https://www.gstatic.com/firebasejs/9.6.8/firebase-storage.js","performance":"https://www.gstatic.com/firebasejs/9.6.8/firebase-performance.js","remote-config":"https://www.gstatic.com/firebasejs/9.6.8/firebase-remote-config.js","messaging":"https://www.gstatic.com/firebasejs/9.6.8/firebase-messaging.js","messaging/sw":"https://www.gstatic.com/firebasejs/9.6.8/firebase-messaging/sw.js","database":"https://www.gstatic.com/firebasejs/9.6.8/firebase-database.js","firestore.memory":"https://www.gstatic.com/firebasejs/9.6.8/firebase-firestore.memory.js"}}
[info] +  Wrote public/index.html 
[info] 
[info] i  Didn't detect a .git folder. Assuming D:\Code\tmpcode\Learn-Antd\antd-demo is the project root. 
[info] i  Authorizing with GitHub to upload your service account to a GitHub repository's secrets store. 
[info] 
[info] Visit this URL on this device to log in:
[info] https://github.com/login/oauth/authorize?client_id=89cf50f02ac6aaed3484&state=760848931&redirect_uri=http%3A%2F%2Flocalhost%3A9005&scope=read%3Auser%20repo%20public_repo
[info] 
[info] Waiting for authentication...
[debug] [2022-03-16T17:04:25.790Z] >>> HTTP REQUEST POST https://github.com/login/oauth/access_token  
 {"client_id":"89cf50f02ac6aaed3484","client_secret":"3330d14abc895d9a74d5f17cd7a00711fa2c5bf0","code":"507310e5ede6fb7cfa84","redirect_uri":"http://localhost:9005","state":"760848931"}
[debug] [2022-03-16T17:04:26.292Z] <<< HTTP RESPONSE 200 {"server":"GitHub.com","date":"Wed, 16 Mar 2022 17:04:27 GMT","content-type":"application/json; charset=utf-8","transfer-encoding":"chunked","vary":"X-PJAX, X-PJAX-Container, Accept-Encoding, Accept, X-Requested-With","permissions-policy":"interest-cohort=()","etag":"W/\"0b25943ddd513af7594ce92e507bf6ad\"","cache-control":"max-age=0, private, must-revalidate","strict-transport-security":"max-age=31536000; includeSubdomains; preload","x-frame-options":"deny","x-content-type-options":"nosniff","x-xss-protection":"0","referrer-policy":"origin-when-cross-origin, strict-origin-when-cross-origin","expect-ct":"max-age=2592000, report-uri=\"https://api.github.com/_private/browser/errors\"","content-security-policy":"default-src 'none'; base-uri 'self'; block-all-mixed-content; child-src github.com/assets-cdn/worker/ gist.github.com/assets-cdn/worker/; connect-src 'self' uploads.github.com objects-origin.githubusercontent.com www.githubstatus.com collector.githubapp.com collector.github.com api.github.com github-cloud.s3.amazonaws.com github-production-repository-file-5c1aeb.s3.amazonaws.com github-production-upload-manifest-file-7fdce7.s3.amazonaws.com github-production-user-asset-6210df.s3.amazonaws.com cdn.optimizely.com logx.optimizely.com/v1/events translator.github.com wss://alive.github.com; font-src github.githubassets.com; form-action 'self' github.com gist.github.com objects-origin.githubusercontent.com; frame-ancestors 'none'; frame-src render.githubusercontent.com viewscreen.githubusercontent.com notebooks.githubusercontent.com; img-src 'self' data: github.githubassets.com identicons.github.com collector.githubapp.com collector.github.com github-cloud.s3.amazonaws.com secured-user-images.githubusercontent.com/ *.githubusercontent.com; manifest-src 'self'; media-src github.com user-images.githubusercontent.com/; script-src github.githubassets.com; style-src 'unsafe-inline' github.githubassets.com; worker-src github.com/assets-cdn/worker/ gist.github.com/assets-cdn/worker/","x-github-request-id":"C25E:7354:123A59:208F05:6232189B"}
[debug] [2022-03-16T17:04:26.298Z] >>> [apiv2][query] GET https://api.github.com/user [none]
[debug] [2022-03-16T17:04:26.774Z] <<< [apiv2][status] GET https://api.github.com/user 200
[debug] [2022-03-16T17:04:26.774Z] <<< [apiv2][body] GET https://api.github.com/user {"login":"tungnvdtbk","id":38968004,"node_id":"MDQ6VXNlcjM4OTY4MDA0","avatar_url":"https://avatars.githubusercontent.com/u/38968004?v=4","gravatar_id":"","url":"https://api.github.com/users/tungnvdtbk","html_url":"https://github.com/tungnvdtbk","followers_url":"https://api.github.com/users/tungnvdtbk/followers","following_url":"https://api.github.com/users/tungnvdtbk/following{/other_user}","gists_url":"https://api.github.com/users/tungnvdtbk/gists{/gist_id}","starred_url":"https://api.github.com/users/tungnvdtbk/starred{/owner}{/repo}","subscriptions_url":"https://api.github.com/users/tungnvdtbk/subscriptions","organizations_url":"https://api.github.com/users/tungnvdtbk/orgs","repos_url":"https://api.github.com/users/tungnvdtbk/repos","events_url":"https://api.github.com/users/tungnvdtbk/events{/privacy}","received_events_url":"https://api.github.com/users/tungnvdtbk/received_events","type":"User","site_admin":false,"name":null,"company":null,"blog":"","location":null,"email":null,"hireable":null,"bio":null,"twitter_username":null,"public_repos":6,"public_gists":0,"followers":0,"following":0,"created_at":"2018-05-04T02:39:49Z","updated_at":"2022-03-16T16:30:04Z","private_gists":0,"total_private_repos":1,"owned_private_repos":1,"disk_usage":25469,"collaborators":0,"two_factor_authentication":false,"plan":{"name":"free","space":976562499,"collaborators":0,"private_repos":10000}}
[info] 
[info] +  Success! Logged into GitHub as tungnvdtbk 
[info] 
